

Microchip Technology PIC LITE Macro Assembler V1.32 build 58300 
                                                                                               Sun Aug 10 23:52:37 2014

Microchip Technology Omniscient Code Generator (Lite mode) build 58300
     1                           	processor	12F675
     2                           	opt	pw 120
     3                           	opt	lm
     4                           	psect	nvBANK0,global,class=BANK0,space=1,delta=1
     5                           	psect	cinit,global,class=CODE,merge=1,delta=2
     6                           	psect	bssBANK0,global,class=BANK0,space=1,delta=1
     7                           	psect	cstackCOMMON,global,class=COMMON,space=1,delta=1
     8                           	psect	cstackBANK0,global,class=BANK0,space=1,delta=1
     9                           	psect	maintext,global,class=CODE,split=1,delta=2
    10                           	psect	text1,local,class=CODE,merge=1,delta=2
    11                           	psect	text2,local,class=CODE,merge=1,delta=2
    12                           	psect	intentry,global,class=CODE,delta=2
    13                           	dabs	1,0x5E,2
    14  0000                     	;# 
    15  0001                     	;# 
    16  0002                     	;# 
    17  0003                     	;# 
    18  0004                     	;# 
    19  0005                     	;# 
    20  000A                     	;# 
    21  000B                     	;# 
    22  000C                     	;# 
    23  000E                     	;# 
    24  000E                     	;# 
    25  000F                     	;# 
    26  0010                     	;# 
    27  0019                     	;# 
    28  001E                     	;# 
    29  001F                     	;# 
    30  0081                     	;# 
    31  0085                     	;# 
    32  008C                     	;# 
    33  008E                     	;# 
    34  0090                     	;# 
    35  0095                     	;# 
    36  0096                     	;# 
    37  0096                     	;# 
    38  0099                     	;# 
    39  009A                     	;# 
    40  009A                     	;# 
    41  009B                     	;# 
    42  009C                     	;# 
    43  009D                     	;# 
    44  009E                     	;# 
    45  009F                     	;# 
    46                           
    47                           	psect	nvBANK0
    48  0034                     __pnvBANK0:	
    49  0034                     _time:	
    50  0034                     	ds	4
    51  000E                     _TMR1	set	14
    52  0010                     _T1CON	set	16
    53  005F                     _GIE	set	95
    54  0028                     _GPIO0	set	40
    55  0029                     _GPIO1	set	41
    56  005C                     _INTE	set	92
    57  0059                     _INTF	set	89
    58  005E                     _PEIE	set	94
    59  0060                     _TMR1IF	set	96
    60  0080                     _TMR1ON	set	128
    61  009F                     _ANSEL	set	159
    62  0085                     _TRISIO	set	133
    63  040E                     _INTEDG	set	1038
    64  0460                     _TMR1IE	set	1120
    65                           
    66                           ; #config settings
    67  0000                     
    68                           	psect	cinit
    69  0014                     start_initialization:	
    70  0014                     __initialization:	
    71                           
    72                           ; Clear objects allocated to BANK0
    73  0014  01B8               	clrf	__pbssBANK0& (0+127)
    74  0015                     end_of_initialization:	
    75                           ;End of C runtime variable initialization code
    76                           
    77  0015                     __end_of__initialization:	
    78  0015  0183               	clrf	3
    79  0016  2817               	ljmp	_main	;jump to C main() function
    80                           
    81                           	psect	bssBANK0
    82  0038                     __pbssBANK0:	
    83  0038                     _blink:	
    84  0038                     	ds	1
    85                           
    86                           	psect	cstackCOMMON
    87  0000                     __pcstackCOMMON:	
    88  0000                     ??_setup:	
    89                           
    90                           	psect	cstackBANK0
    91  0020                     __pcstackBANK0:	
    92                           ; 0 bytes @ 0x0
    93                           
    94  0020                     ?_setup:	
    95  0020                     ?_isr:	
    96                           ; 0 bytes @ 0x0
    97                           
    98  0020                     ??_isr:	
    99                           ; 0 bytes @ 0x0
   100                           
   101                           
   102                           ; 0 bytes @ 0x0
   103  0020                     	ds	8
   104  0028                     ?_main:	
   105  0028                     main@argc:	
   106                           ; 2 bytes @ 0x8
   107                           
   108                           
   109                           ; 2 bytes @ 0x8
   110  0028                     	ds	2
   111  002A                     main@argv:	
   112                           
   113                           ; 2 bytes @ 0xA
   114  002A                     	ds	2
   115  002C                     ??_main:	
   116                           
   117                           ; 0 bytes @ 0xC
   118  002C                     	ds	4
   119  0030                     main@cnt:	
   120                           
   121                           ; 4 bytes @ 0x10
   122  0030                     	ds	4
   123                           
   124                           	psect	maintext
   125  0017                     __pmaintext:	
   126 ;;
   127 ;;Main: autosize = 0, tempsize = 4, incstack = 0, save=0
   128 ;;
   129 ;; *************** function _main *****************
   130 ;; Defined at:
   131 ;;		line 93 in file "fish_main.c"
   132 ;; Parameters:    Size  Location     Type
   133 ;;  argc            2    8[BANK0 ] int 
   134 ;;  argv            2   10[BANK0 ] PTR PTR unsigned char 
   135 ;; Auto vars:     Size  Location     Type
   136 ;;  cnt             4   16[BANK0 ] unsigned long 
   137 ;; Return value:  Size  Location     Type
   138 ;;                  2    8[BANK0 ] int 
   139 ;; Registers used:
   140 ;;		wreg, status,2, status,0, pclath, cstack
   141 ;; Tracked objects:
   142 ;;		On entry : 17F/0
   143 ;;		On exit  : 0/0
   144 ;;		Unchanged: 0/0
   145 ;; Data sizes:     COMMON   BANK0
   146 ;;      Params:         0       4
   147 ;;      Locals:         0       4
   148 ;;      Temps:          0       4
   149 ;;      Totals:         0      12
   150 ;;Total ram usage:       12 bytes
   151 ;; Hardware stack levels required when called:    2
   152 ;; This function calls:
   153 ;;		_setup
   154 ;; This function is called by:
   155 ;;		Startup code after reset
   156 ;; This function uses a non-reentrant model
   157 ;;
   158                           
   159                           
   160                           ;psect for function _main
   161  0017                     _main:	
   162                           
   163                           ;fish_main.c: 95: setup();
   164                           
   165                           ;incstack = 0
   166                           ; Regs used in _main: [wreg+status,2+status,0+pclath+cstack]
   167  0017  20AB               	fcall	_setup
   168  0018                     l605:	
   169                           ;fish_main.c: 97: while (1)
   170                           
   171                           
   172                           ;fish_main.c: 98: {
   173                           ;fish_main.c: 100: TMR1ON = 1;
   174  0018  1283               	bcf	3,5	;RP0=0, select bank0
   175  0019  1410               	bsf	16,0	;volatile
   176                           
   177                           ;fish_main.c: 102: GPIO1 = 1;
   178  001A  1485               	bsf	5,1	;volatile
   179  001B                     l609:	
   180                           ;fish_main.c: 103: while (time);
   181                           
   182  001B  0837               	movf	_time+3,w
   183  001C  0436               	iorwf	_time+2,w
   184  001D  0435               	iorwf	_time+1,w
   185  001E  0434               	iorwf	_time,w
   186  001F  1D03               	skipz
   187  0020  281B               	goto	l609
   188                           
   189                           ;fish_main.c: 104: GPIO1 = 0;
   190  0021  1085               	bcf	5,1	;volatile
   191                           
   192                           ;fish_main.c: 106: TMR1ON = 0;
   193  0022  1010               	bcf	16,0	;volatile
   194                           
   195                           ;fish_main.c: 107: TMR1 = (65536-65535);
   196  0023  3000               	movlw	0
   197  0024  008F               	movwf	15	;volatile
   198  0025  3001               	movlw	1
   199  0026  008E               	movwf	14	;volatile
   200                           
   201                           ;fish_main.c: 108: time = (1+0);
   202  0027  3000               	movlw	0
   203  0028  00B7               	movwf	_time+3
   204  0029  3000               	movlw	0
   205  002A  00B6               	movwf	_time+2
   206  002B  3000               	movlw	0
   207  002C  00B5               	movwf	_time+1
   208  002D  3001               	movlw	1
   209  002E  00B4               	movwf	_time
   210                           
   211                           ;fish_main.c: 110: INTE = 1;
   212  002F  160B               	bsf	11,4	;volatile
   213                           
   214                           ;fish_main.c: 111: blink = 1;
   215  0030  01B8               	clrf	_blink
   216  0031  0AB8               	incf	_blink,f
   217                           
   218                           ;fish_main.c: 112: GPIO0 = 1;
   219  0032  1405               	bsf	5,0	;volatile
   220  0033                     l625:	
   221                           ;fish_main.c: 113: while (blink)
   222                           
   223  0033  08B8               	movf	_blink,f
   224  0034  1903               	btfsc	3,2
   225  0035  2818               	goto	l605
   226                           
   227                           ;fish_main.c: 114: {
   228                           ;fish_main.c: 115: GPIO1 = ~GPIO1;
   229  0036  3002               	movlw	2
   230  0037  0685               	xorwf	5,f
   231                           
   232                           ;fish_main.c: 116: uint32_t cnt = 500000;
   233  0038  3000               	movlw	0
   234  0039  00B3               	movwf	main@cnt+3
   235  003A  3007               	movlw	7
   236  003B  00B2               	movwf	main@cnt+2
   237  003C  30A1               	movlw	161
   238  003D  00B1               	movwf	main@cnt+1
   239  003E  3020               	movlw	32
   240  003F  00B0               	movwf	main@cnt
   241  0040                     l621:	
   242                           ;fish_main.c: 117: while (cnt-- );
   243                           
   244  0040  3001               	movlw	1
   245  0041  00AC               	movwf	??_main
   246  0042  3000               	movlw	0
   247  0043  00AD               	movwf	??_main+1
   248  0044  3000               	movlw	0
   249  0045  00AE               	movwf	??_main+2
   250  0046  3000               	movlw	0
   251  0047  00AF               	movwf	??_main+3
   252  0048  082C               	movf	??_main,w
   253  0049  02B0               	subwf	main@cnt,f
   254  004A  082D               	movf	??_main+1,w
   255  004B  1C03               	skipc
   256  004C  0F2D               	incfsz	??_main+1,w
   257  004D  284F               	goto	u115
   258  004E  2850               	goto	u116
   259  004F                     u115:	
   260  004F  02B1               	subwf	main@cnt+1,f
   261  0050                     u116:	
   262  0050  082E               	movf	??_main+2,w
   263  0051  1C03               	skipc
   264  0052  0F2E               	incfsz	??_main+2,w
   265  0053  2855               	goto	u117
   266  0054  2856               	goto	u118
   267  0055                     u117:	
   268  0055  02B2               	subwf	main@cnt+2,f
   269  0056                     u118:	
   270  0056  082F               	movf	??_main+3,w
   271  0057  1C03               	skipc
   272  0058  0F2F               	incfsz	??_main+3,w
   273  0059  285B               	goto	u119
   274  005A  285C               	goto	u110
   275  005B                     u119:	
   276  005B  02B3               	subwf	main@cnt+3,f
   277  005C                     u110:	
   278  005C  30FF               	movlw	255
   279  005D  0633               	xorwf	main@cnt+3,w
   280  005E  1D03               	skipz
   281  005F  286A               	goto	u125
   282  0060  30FF               	movlw	255
   283  0061  0632               	xorwf	main@cnt+2,w
   284  0062  1D03               	skipz
   285  0063  286A               	goto	u125
   286  0064  30FF               	movlw	255
   287  0065  0631               	xorwf	main@cnt+1,w
   288  0066  1D03               	skipz
   289  0067  286A               	goto	u125
   290  0068  30FF               	movlw	255
   291  0069  0630               	xorwf	main@cnt,w
   292  006A                     u125:	
   293  006A  1D03               	skipz
   294  006B  2840               	goto	l621
   295                           
   296                           ;fish_main.c: 118: GPIO0 = ~GPIO0;
   297  006C  3001               	movlw	1
   298  006D  0685               	xorwf	5,f
   299  006E  2833               	goto	l625
   300  006F                     __end_of_main:	
   301                           ;fish_main.c: 119: }
   302                           ;fish_main.c: 120: }
   303                           ;fish_main.c: 121: return (0);
   304                           ;	Return value of _main is never used
   305                           
   306                           
   307                           	psect	text1
   308  00AB                     __ptext1:	
   309 ;; *************** function _setup *****************
   310 ;; Defined at:
   311 ;;		line 49 in file "fish_main.c"
   312 ;; Parameters:    Size  Location     Type
   313 ;;		None
   314 ;; Auto vars:     Size  Location     Type
   315 ;;		None
   316 ;; Return value:  Size  Location     Type
   317 ;;		None               void
   318 ;; Registers used:
   319 ;;		wreg, status,2
   320 ;; Tracked objects:
   321 ;;		On entry : 0/0
   322 ;;		On exit  : 0/0
   323 ;;		Unchanged: 0/0
   324 ;; Data sizes:     COMMON   BANK0
   325 ;;      Params:         0       0
   326 ;;      Locals:         0       0
   327 ;;      Temps:          0       0
   328 ;;      Totals:         0       0
   329 ;;Total ram usage:        0 bytes
   330 ;; Hardware stack levels used:    1
   331 ;; Hardware stack levels required when called:    1
   332 ;; This function calls:
   333 ;;		Nothing
   334 ;; This function is called by:
   335 ;;		_main
   336 ;; This function uses a non-reentrant model
   337 ;;
   338                           
   339                           
   340                           ;psect for function _setup
   341  00AB                     _setup:	
   342                           
   343                           ;incstack = 0
   344                           ; Regs used in _setup: [wreg+status,2]
   345  00AB  0000               	nop	;# 
   346                           
   347                           ;fish_main.c: 53: ANSEL = 0;
   348  00AC  1683               	bsf	3,5	;RP0=1, select bank1
   349  00AD  019F               	clrf	31	;volatile
   350                           
   351                           ;fish_main.c: 55: TRISIO = 0b000000;
   352  00AE  0185               	clrf	5	;volatile
   353                           
   354                           ;fish_main.c: 59: GPIO0 = 1;
   355  00AF  1283               	bcf	3,5	;RP0=0, select bank0
   356  00B0  1405               	bsf	5,0	;volatile
   357  00B1                     l35:	
   358                           ;fish_main.c: 60: while(1);
   359                           
   360  00B1  28B1               	goto	l35
   361  00B2                     __end_of_setup:	
   362                           ;fish_main.c: 77: INTEDG = 1;
   363                           
   364                           ;fish_main.c: 76: INTF = 0;
   365                           
   366                           ;fish_main.c: 75: INTE = 1;
   367                           
   368                           ;fish_main.c: 72: TMR1IF = 0;
   369                           
   370                           ;fish_main.c: 71: TMR1IE = 1;
   371                           
   372                           ;fish_main.c: 70: time = (1+0);
   373                           
   374                           ;fish_main.c: 69: TMR1 = (65536-65535);
   375                           
   376                           ;fish_main.c: 68: T1CON = 0b00110000;
   377                           
   378                           ;fish_main.c: 65: PEIE = 1;
   379                           
   380                           ;fish_main.c: 64: GIE = 1;
   381                           
   382                           
   383                           	psect	text2
   384  006F                     __ptext2:	
   385 ;; *************** function _isr *****************
   386 ;; Defined at:
   387 ;;		line 124 in file "fish_main.c"
   388 ;; Parameters:    Size  Location     Type
   389 ;;		None
   390 ;; Auto vars:     Size  Location     Type
   391 ;;		None
   392 ;; Return value:  Size  Location     Type
   393 ;;		None               void
   394 ;; Registers used:
   395 ;;		wreg, status,2
   396 ;; Tracked objects:
   397 ;;		On entry : 0/0
   398 ;;		On exit  : 0/0
   399 ;;		Unchanged: 0/0
   400 ;; Data sizes:     COMMON   BANK0
   401 ;;      Params:         0       0
   402 ;;      Locals:         0       0
   403 ;;      Temps:          0       8
   404 ;;      Totals:         0       8
   405 ;;Total ram usage:        8 bytes
   406 ;; Hardware stack levels used:    1
   407 ;; This function calls:
   408 ;;		Nothing
   409 ;; This function is called by:
   410 ;;		Interrupt level 1
   411 ;; This function uses a non-reentrant model
   412 ;;
   413                           
   414                           
   415                           ;psect for function _isr
   416  006F                     _isr:	
   417                           
   418                           ;fish_main.c: 126: GIE = 0;
   419  006F  138B               	bcf	11,7	;volatile
   420                           
   421                           ;fish_main.c: 127: if (TMR1IE && TMR1IF)
   422  0070  1683               	bsf	3,5	;RP0=1, select bank1
   423  0071  1C0C               	btfss	12,0	;volatile
   424  0072  2897               	goto	i1l639
   425  0073  1283               	bcf	3,5	;RP0=0, select bank0
   426  0074  1C0C               	btfss	12,0	;volatile
   427  0075  2897               	goto	i1l639
   428                           
   429                           ;fish_main.c: 128: {
   430                           ;fish_main.c: 129: TMR1IF = 0;
   431  0076  100C               	bcf	12,0	;volatile
   432                           
   433                           ;fish_main.c: 130: TMR1 = 0;
   434  0077  018E               	clrf	14	;volatile
   435  0078  018F               	clrf	15	;volatile
   436                           
   437                           ;fish_main.c: 131: time--;
   438  0079  3001               	movlw	1
   439  007A  00A0               	movwf	??_isr
   440  007B  3000               	movlw	0
   441  007C  00A1               	movwf	??_isr+1
   442  007D  3000               	movlw	0
   443  007E  00A2               	movwf	??_isr+2
   444  007F  3000               	movlw	0
   445  0080  00A3               	movwf	??_isr+3
   446  0081  0820               	movf	??_isr,w
   447  0082  02B4               	subwf	_time,f
   448  0083  0821               	movf	??_isr+1,w
   449  0084  1C03               	skipc
   450  0085  0F21               	incfsz	??_isr+1,w
   451  0086  2888               	goto	u16_25
   452  0087  2889               	goto	u16_26
   453  0088                     u16_25:	
   454  0088  02B5               	subwf	_time+1,f
   455  0089                     u16_26:	
   456  0089  0822               	movf	??_isr+2,w
   457  008A  1C03               	skipc
   458  008B  0F22               	incfsz	??_isr+2,w
   459  008C  288E               	goto	u16_27
   460  008D  288F               	goto	u16_28
   461  008E                     u16_27:	
   462  008E  02B6               	subwf	_time+2,f
   463  008F                     u16_28:	
   464  008F  0823               	movf	??_isr+3,w
   465  0090  1C03               	skipc
   466  0091  0F23               	incfsz	??_isr+3,w
   467  0092  2894               	goto	u16_29
   468  0093  2895               	goto	i1l637
   469  0094                     u16_29:	
   470  0094  02B7               	subwf	_time+3,f
   471  0095                     i1l637:	
   472                           
   473                           ;fish_main.c: 132: GPIO1 = ~GPIO1;
   474  0095  3002               	movlw	2
   475  0096  0685               	xorwf	5,f
   476  0097                     i1l639:	
   477                           
   478                           ;fish_main.c: 153: }
   479                           ;fish_main.c: 154: if (INTE && INTF)
   480  0097  1A0B               	btfsc	11,4	;volatile
   481  0098  1C8B               	btfss	11,1	;volatile
   482  0099  289E               	goto	i1l649
   483                           
   484                           ;fish_main.c: 155: {
   485                           ;fish_main.c: 156: INTF = 0;
   486  009A  108B               	bcf	11,1	;volatile
   487                           
   488                           ;fish_main.c: 157: blink = 0;
   489  009B  1283               	bcf	3,5	;RP0=0, select bank0
   490  009C  01B8               	clrf	_blink
   491                           
   492                           ;fish_main.c: 158: INTE = 0;
   493  009D  120B               	bcf	11,4	;volatile
   494  009E                     i1l649:	
   495                           
   496                           ;fish_main.c: 159: }
   497                           ;fish_main.c: 160: GIE = 1;
   498  009E  178B               	bsf	11,7	;volatile
   499  009F  1283               	bcf	3,5	;RP0=0, select bank0
   500  00A0  0827               	movf	??_isr+7,w
   501  00A1  00DF               	movwf	95
   502  00A2  0826               	movf	??_isr+6,w
   503  00A3  008A               	movwf	10
   504  00A4  0825               	movf	??_isr+5,w
   505  00A5  0084               	movwf	4
   506  00A6  0E24               	swapf	(??_isr+4)^0,w
   507  00A7  0083               	movwf	3
   508  00A8  0EDE               	swapf	94,f
   509  00A9  0E5E               	swapf	94,w
   510  00AA  0009               	retfie
   511  00AB                     __end_of_isr:	
   512  005E                     btemp	set	94	;btemp
   513  005E                     wtemp	set	94
   514  005E                     wtemp0	set	94
   515  0060                     wtemp1	set	96
   516  0062                     wtemp2	set	98
   517  0064                     wtemp3	set	100
   518  0066                     wtemp4	set	102
   519  0068                     wtemp5	set	104
   520  005F                     wtemp6	set	95
   521  005E                     ttemp	set	94
   522  005E                     ttemp0	set	94
   523  0061                     ttemp1	set	97
   524  0064                     ttemp2	set	100
   525  0067                     ttemp3	set	103
   526  005F                     ttemp4	set	95
   527  005E                     ltemp	set	94
   528  005E                     ltemp0	set	94
   529  0062                     ltemp1	set	98
   530  0066                     ltemp2	set	102
   531  0060                     ltemp3	set	96
   532                           
   533                           	psect	intentry
   534  0004                     __pintentry:	
   535                           ;incstack = 0
   536                           ; Regs used in _isr: [wreg+status,2]
   537                           
   538  0004                     interrupt_function:	
   539  005E                     saved_w	set	btemp
   540  0004  00DE               	movwf	btemp
   541  0005  0E03               	swapf	3,w
   542  0006  1283               	bcf	3,5	;RP0=0, select bank0
   543  0007  00A4               	movwf	??_isr+4
   544  0008  0804               	movf	4,w
   545  0009  00A5               	movwf	??_isr+5
   546  000A  080A               	movf	10,w
   547  000B  00A6               	movwf	??_isr+6
   548  000C  085F               	movf	btemp+1,w
   549  000D  00A7               	movwf	??_isr+7
   550  000E  286F               	ljmp	_isr


Data Sizes:
    Strings     0
    Constant    0
    Data        0
    BSS         1
    Persistent  4
    Stack       0

Auto Spaces:
    Space          Size  Autos    Used
    COMMON            0      0       0
    BANK0            62     20      25

Pointer List with Targets:

    None.

Critical Paths under _main in COMMON

    None.

Critical Paths under _isr in COMMON

    None.

Critical Paths under _main in BANK0

    None.

Critical Paths under _isr in BANK0

    None.

Call Graph Tables:

 ---------------------------------------------------------------------------------
 (Depth) Function   	        Calls       Base Space   Used Autos Params    Refs
 ---------------------------------------------------------------------------------
 (0) _main                                                12     8      4      23
                                              8 BANK0     12     8      4
                              _setup
 ---------------------------------------------------------------------------------
 (1) _setup                                                0     0      0       0
 ---------------------------------------------------------------------------------
 Estimated maximum stack depth 1
 ---------------------------------------------------------------------------------
 (Depth) Function   	        Calls       Base Space   Used Autos Params    Refs
 ---------------------------------------------------------------------------------
 (2) _isr                                                  8     8      0       0
                                              0 BANK0      8     8      0
 ---------------------------------------------------------------------------------
 Estimated maximum stack depth 2
 ---------------------------------------------------------------------------------

 Call Graph Graphs:

 _main (ROOT)
   _setup

 _isr (ROOT)

 Address spaces:
Name               Size   Autos  Total    Cost      Usage
BITCOMMON            0      0       0       0        0.0%
EEDATA              80      0       0       0        0.0%
NULL                 0      0       0       0        0.0%
CODE                 0      0       0       0        0.0%
BITSFR0              0      0       0       1        0.0%
SFR0                 0      0       0       1        0.0%
COMMON               0      0       0       1        0.0%
BITSFR1              0      0       0       2        0.0%
SFR1                 0      0       0       2        0.0%
STACK                0      0       0       2        0.0%
BITBANK0            3E      0       0       3        0.0%
BANK0               3E     14      19       4       40.3%
ABS                  0      0      19       5        0.0%
DATA                 0      0      19       6        0.0%


Microchip Technology PIC Macro Assembler V1.32 build 58300 
Symbol Table                                                                                   Sun Aug 10 23:52:37 2014

            __CFG_CP$OFF 0000                       l35 00B1                      l621 0040  
                    l605 0018                      l625 0033                      l609 001B  
                    _GIE 005F                      u110 005C                      u115 004F  
                    u116 0050                      u125 006A                      u117 0055  
                    u118 0056                      u119 005B             __CFG_CPD$OFF 0000  
                    _isr 006F                      fsr0 0004             __CFG_FOSC$XT 0000  
                   ?_isr 0020                     _PEIE 005E                     _INTE 005C  
                   _INTF 0059                     _TMR1 000E                     _main 0017  
                   _time 0034                     btemp 005E                     ltemp 005E  
                   start 000F                     ttemp 005E                     wtemp 005E  
                  ??_isr 0020                    ?_main 0028            __CFG_WDTE$OFF 0000  
                  _ANSEL 009F                    _T1CON 0010                    _GPIO0 0028  
                  _GPIO1 0029                    i1l637 0095                    i1l639 0097  
                  i1l649 009E                    u16_25 0088                    u16_26 0089  
                  u16_27 008E                    u16_28 008F                    u16_29 0094  
          __CFG_PWRTE$ON 0000                    _blink 0038                    _setup 00AB  
         __CFG_BOREN$OFF 0000                    pclath 000A                    ltemp0 005E  
                  ltemp1 0062                    ltemp2 0066                    ltemp3 0060  
                  ttemp0 005E                    ttemp1 0061                    ttemp2 0064  
                  ttemp3 0067                    ttemp4 005F                    status 0003  
                  wtemp0 005E                    wtemp1 0060                    wtemp2 0062  
                  wtemp3 0064                    wtemp4 0066                    wtemp5 0068  
                  wtemp6 005F           __CFG_MCLRE$OFF 0000          __initialization 0014  
           __end_of_main 006F                   ??_main 002C                   ?_setup 0020  
                 _INTEDG 040E                   _TMR1IE 0460                   _TMR1IF 0060  
                 _TMR1ON 0080                   _TRISIO 0085                   saved_w 005E  
__end_of__initialization 0015           __pcstackCOMMON 0000            __end_of_setup 00B2  
                ??_setup 0000               __pbssBANK0 0038               __pmaintext 0017  
             __pintentry 0004                  __ptext1 00AB                  __ptext2 006F  
           __size_of_isr 003C                  main@cnt 0030     end_of_initialization 0015  
    start_initialization 0014              __end_of_isr 00AB                ___latbits 0000  
          __pcstackBANK0 0020                __pnvBANK0 0034           __size_of_setup 0007  
      interrupt_function 0004            __size_of_main 0058                 main@argc 0028  
               main@argv 002A                 intlevel1 0000  
