

Microchip Technology PIC LITE Macro Assembler V1.35 build -356382666 
                                                                                               Wed May  4 08:08:33 2016

Microchip Technology Omniscient Code Generator v1.35 (Free mode) build 201507080246
     1                           	processor	12F675
     2                           	opt	pw 120
     3                           	opt	lm
     4                           	psect	cinit,global,class=CODE,merge=1,delta=2
     5                           	psect	cstackCOMMON,global,class=COMMON,space=1,delta=1
     6                           	psect	cstackBANK0,global,class=BANK0,space=1,delta=1
     7                           	psect	maintext,global,class=CODE,split=1,delta=2
     8                           	dabs	1,0x5E,2
     9  0000                     	;# 
    10  0001                     	;# 
    11  0002                     	;# 
    12  0003                     	;# 
    13  0004                     	;# 
    14  0005                     	;# 
    15  000A                     	;# 
    16  000B                     	;# 
    17  000C                     	;# 
    18  000E                     	;# 
    19  000E                     	;# 
    20  000F                     	;# 
    21  0010                     	;# 
    22  0019                     	;# 
    23  001E                     	;# 
    24  001F                     	;# 
    25  0081                     	;# 
    26  0085                     	;# 
    27  008C                     	;# 
    28  008E                     	;# 
    29  0090                     	;# 
    30  0095                     	;# 
    31  0096                     	;# 
    32  0096                     	;# 
    33  0099                     	;# 
    34  009A                     	;# 
    35  009A                     	;# 
    36  009B                     	;# 
    37  009C                     	;# 
    38  009D                     	;# 
    39  009E                     	;# 
    40  009F                     	;# 
    41  0005                     _GPIO	set	5
    42  009F                     _ANSEL	set	159
    43  0085                     _TRISIO	set	133
    44                           
    45                           ; #config settings
    46  0000                     
    47                           	psect	cinit
    48  03FD                     start_initialization:	
    49  03FD                     __initialization:	
    50  03FD                     end_of_initialization:	
    51                           ;End of C runtime variable initialization code
    52                           
    53  03FD                     __end_of__initialization:	
    54  03FD  0183               	clrf	3
    55  03FE  2BF6               	ljmp	_main	;jump to C main() function
    56                           
    57                           	psect	cstackCOMMON
    58  0000                     __pcstackCOMMON:	
    59  0000                     ??_main:	
    60                           
    61                           	psect	cstackBANK0
    62  0020                     __pcstackBANK0:	
    63                           ; 0 bytes @ 0x0
    64                           
    65  0020                     ?_main:	
    66  0020                     main@argc:	
    67                           ; 2 bytes @ 0x0
    68                           
    69                           
    70                           ; 2 bytes @ 0x0
    71  0020                     	ds	2
    72  0022                     main@argv:	
    73                           
    74                           ; 2 bytes @ 0x2
    75  0022                     	ds	2
    76                           
    77                           	psect	maintext
    78  03F6                     __pmaintext:	
    79 ;;
    80 ;;Main: autosize = 0, tempsize = 0, incstack = 0, save=0
    81 ;;
    82 ;; *************** function _main *****************
    83 ;; Defined at:
    84 ;;		line 227 in file "blink_main.c"
    85 ;; Parameters:    Size  Location     Type
    86 ;;  argc            2    0[BANK0 ] int 
    87 ;;  argv            2    2[BANK0 ] PTR PTR unsigned char 
    88 ;; Auto vars:     Size  Location     Type
    89 ;;		None
    90 ;; Return value:  Size  Location     Type
    91 ;;                  2    0[BANK0 ] int 
    92 ;; Registers used:
    93 ;;		wreg, status,2
    94 ;; Tracked objects:
    95 ;;		On entry : B00/0
    96 ;;		On exit  : 0/0
    97 ;;		Unchanged: 0/0
    98 ;; Data sizes:     COMMON   BANK0
    99 ;;      Params:         0       4
   100 ;;      Locals:         0       0
   101 ;;      Temps:          0       0
   102 ;;      Totals:         0       4
   103 ;;Total ram usage:        4 bytes
   104 ;; This function calls:
   105 ;;		Nothing
   106 ;; This function is called by:
   107 ;;		Startup code after reset
   108 ;; This function uses a non-reentrant model
   109 ;;
   110                           
   111                           
   112                           ;psect for function _main
   113  03F6                     _main:	
   114                           
   115                           ;blink_main.c: 229: GPIO = 0xff;
   116                           
   117                           ;incstack = 0
   118                           ; Regs used in _main: [wreg+status,2]
   119  03F6  30FF               	movlw	255
   120  03F7  1283               	bcf	3,5	;RP0=0, select bank0
   121  03F8  0085               	movwf	5	;volatile
   122                           
   123                           ;blink_main.c: 230: ANSEL = 0;
   124  03F9  1683               	bsf	3,5	;RP0=1, select bank1
   125  03FA  019F               	clrf	31	;volatile
   126                           
   127                           ;blink_main.c: 231: TRISIO = 0;
   128  03FB  0185               	clrf	5	;volatile
   129  03FC                     l9:	
   130                           ;blink_main.c: 232: while(1);
   131                           
   132  03FC  2BFC               	goto	l9
   133  03FD                     __end_of_main:	
   134  005E                     btemp	set	94	;btemp
   135  005E                     wtemp	set	94
   136  005E                     wtemp0	set	94
   137  0060                     wtemp1	set	96
   138  0062                     wtemp2	set	98
   139  0064                     wtemp3	set	100
   140  0066                     wtemp4	set	102
   141  0068                     wtemp5	set	104
   142  005F                     wtemp6	set	95
   143  005E                     ttemp	set	94
   144  005E                     ttemp0	set	94
   145  0061                     ttemp1	set	97
   146  0064                     ttemp2	set	100
   147  0067                     ttemp3	set	103
   148  005F                     ttemp4	set	95
   149  005E                     ltemp	set	94
   150  005E                     ltemp0	set	94
   151  0062                     ltemp1	set	98
   152  0066                     ltemp2	set	102
   153  0060                     ltemp3	set	96


Data Sizes:
    Strings     0
    Constant    0
    Data        0
    BSS         0
    Persistent  0
    Stack       0

Auto Spaces:
    Space          Size  Autos    Used
    COMMON            0      0       0
    BANK0            62      4       4

Pointer List with Targets:

    None.

Critical Paths under _main in COMMON

    None.

Critical Paths under _main in BANK0

    None.

Call Graph Tables:

 ---------------------------------------------------------------------------------
 (Depth) Function   	        Calls       Base Space   Used Autos Params    Refs
 ---------------------------------------------------------------------------------
 (0) _main                                                 4     0      4       0
                                              0 BANK0      4     0      4
 ---------------------------------------------------------------------------------
 Estimated maximum stack depth 0
 ---------------------------------------------------------------------------------

 Call Graph Graphs:

 _main (ROOT)

 Address spaces:
Name               Size   Autos  Total    Cost      Usage
BITCOMMON            0      0       0       0        0.0%
EEDATA              80      0       0       0        0.0%
NULL                 0      0       0       0        0.0%
CODE                 0      0       0       0        0.0%
BITSFR0              0      0       0       1        0.0%
SFR0                 0      0       0       1        0.0%
COMMON               0      0       0       1        0.0%
BITSFR1              0      0       0       2        0.0%
SFR1                 0      0       0       2        0.0%
STACK                0      0       0       2        0.0%
BITBANK0            3E      0       0       3        0.0%
BANK0               3E      4       4       4        6.5%
ABS                  0      0       0       5        0.0%
DATA                 0      0       0       6        0.0%


Microchip Technology PIC Macro Assembler V1.35 build -356382666 
Symbol Table                                                                                   Wed May  4 08:08:33 2016

                      l9 03FC                     _GPIO 0005                     _main 03F6  
                   btemp 005E                     ltemp 005E                     start 0000  
                   ttemp 005E                     wtemp 005E                    ?_main 0020  
          __CFG_WDTE$OFF 0000                    _ANSEL 009F                    ltemp0 005E  
                  ltemp1 0062                    ltemp2 0066                    ltemp3 0060  
                  ttemp0 005E                    ttemp1 0061                    ttemp2 0064  
                  ttemp3 0067                    ttemp4 005F                    status 0003  
                  wtemp0 005E                    wtemp1 0060                    wtemp2 0062  
                  wtemp3 0064                    wtemp4 0066                    wtemp5 0068  
                  wtemp6 005F           __CFG_MCLRE$OFF 0000          __initialization 03FD  
           __end_of_main 03FD                   ??_main 0000                   _TRISIO 0085  
__end_of__initialization 03FD           __pcstackCOMMON 0000               __pmaintext 03F6  
   end_of_initialization 03FD      start_initialization 03FD                ___latbits 0000  
          __pcstackBANK0 0020            __size_of_main 0007                 main@argc 0020  
               main@argv 0022        __CFG_FOSC$INTRCIO 0000  
